<?xml version="1.0" encoding="UTF-8"?>
<testsuite name="com.veer.AppTest" tests="1" skipped="0" failures="0" errors="0" timestamp="2025-06-07T14:25:19" hostname="PAVI-PC" time="0.002">
  <properties/>
  <testcase name="testApp" classname="com.veer.AppTest" time="0.002"/>
  <system-out><![CDATA[]]></system-out>
  <system-err><![CDATA[]]></system-err>
</testsuite>
