<?xml version="1.0" encoding="UTF-8"?>
<testsuite name="com.yashu.AppTest" tests="1" skipped="0" failures="0" errors="0" timestamp="2025-06-07T15:21:13" hostname="PAVI-PC" time="0.001">
  <properties/>
  <testcase name="testApp" classname="com.yashu.AppTest" time="0.001"/>
  <system-out><![CDATA[]]></system-out>
  <system-err><![CDATA[]]></system-err>
</testsuite>
